# JRE version: OpenJDK Runtime Environment (11.0.10) (build 11.0.10+0-b96-7249189)
# Java VM: OpenJDK 64-Bit Server VM (11.0.10+0-b96-7249189, mixed mode, tiered, compressed oops, g1 gc, windows-amd64)
Heap:
 garbage-first heap   total 612352K, used 250359K [0x0000000080000000, 0x0000000100000000)
  region size 1024K, 9 young (9216K), 9 survivors (9216K)
 Metaspace       used 369010K, capacity 376841K, committed 377192K, reserved 1382400K
  class space    used 42670K, capacity 45192K, committed 45292K, reserved 1048576K
GC Heap History (20 events):
Event: 25177.713 GC heap after
{Heap after GC invocations=900 (full 2):
 garbage-first heap   total 262144K, used 207176K [0x0000000080000000, 0x0000000100000000)
  region size 1024K, 2 young (2048K), 2 survivors (2048K)
 Metaspace       used 367822K, capacity 375553K, committed 375784K, reserved 1380352K
  class space    used 42526K, capacity 45005K, committed 45164K, reserved 1048576K
}
Event: 25177.736 GC heap before
{Heap before GC invocations=900 (full 2):
 garbage-first heap   total 262144K, used 225608K [0x0000000080000000, 0x0000000100000000)
  region size 1024K, 21 young (21504K), 2 survivors (2048K)
 Metaspace       used 367826K, capacity 375553K, committed 375784K, reserved 1380352K
  class space    used 42526K, capacity 45005K, committed 45164K, reserved 1048576K
}
Event: 25177.740 GC heap after
{Heap after GC invocations=901 (full 2):
 garbage-first heap   total 262144K, used 208186K [0x0000000080000000, 0x0000000100000000)
  region size 1024K, 2 young (2048K), 2 survivors (2048K)
 Metaspace       used 367826K, capacity 375553K, committed 375784K, reserved 1380352K
  class space    used 42526K, capacity 45005K, committed 45164K, reserved 1048576K
}
Event: 25177.767 GC heap before
{Heap before GC invocations=901 (full 2):
 garbage-first heap   total 262144K, used 227642K [0x0000000080000000, 0x0000000100000000)
  region size 1024K, 21 young (21504K), 2 survivors (2048K)
 Metaspace       used 367851K, capacity 375617K, committed 375784K, reserved 1380352K
  class space    used 42528K, capacity 45005K, committed 45164K, reserved 1048576K
}
Event: 25177.770 GC heap after
{Heap after GC invocations=902 (full 2):
 garbage-first heap   total 315392K, used 210113K [0x0000000080000000, 0x0000000100000000)
  region size 1024K, 3 young (3072K), 3 survivors (3072K)
 Metaspace       used 367851K, capacity 375617K, committed 375784K, reserved 1380352K
  class space    used 42528K, capacity 45005K, committed 45164K, reserved 1048576K
}
Event: 25178.101 GC heap before
{Heap before GC invocations=903 (full 2):
 garbage-first heap   total 315392K, used 239809K [0x0000000080000000, 0x0000000100000000)
  region size 1024K, 41 young (41984K), 3 survivors (3072K)
 Metaspace       used 368151K, capacity 375862K, committed 376040K, reserved 1380352K
  class space    used 42555K, capacity 45040K, committed 45164K, reserved 1048576K
}
Event: 25178.103 GC heap after
{Heap after GC invocations=904 (full 2):
 garbage-first heap   total 315392K, used 202043K [0x0000000080000000, 0x0000000100000000)
  region size 1024K, 3 young (3072K), 3 survivors (3072K)
 Metaspace       used 368151K, capacity 375862K, committed 376040K, reserved 1380352K
  class space    used 42555K, capacity 45040K, committed 45164K, reserved 1048576K
}
Event: 25178.171 GC heap before
{Heap before GC invocations=904 (full 2):
 garbage-first heap   total 315392K, used 213307K [0x0000000080000000, 0x0000000100000000)
  region size 1024K, 15 young (15360K), 3 survivors (3072K)
 Metaspace       used 368153K, capacity 375926K, committed 376296K, reserved 1380352K
  class space    used 42555K, capacity 45040K, committed 45164K, reserved 1048576K
}
Event: 25178.174 GC heap after
{Heap after GC invocations=905 (full 2):
 garbage-first heap   total 315392K, used 190848K [0x0000000080000000, 0x0000000100000000)
  region size 1024K, 1 young (1024K), 1 survivors (1024K)
 Metaspace       used 368153K, capacity 375926K, committed 376296K, reserved 1380352K
  class space    used 42555K, capacity 45040K, committed 45164K, reserved 1048576K
}
Event: 25178.383 GC heap before
{Heap before GC invocations=905 (full 2):
 garbage-first heap   total 315392K, used 222592K [0x0000000080000000, 0x0000000100000000)
  region size 1024K, 34 young (34816K), 1 survivors (1024K)
 Metaspace       used 368281K, capacity 376028K, committed 376296K, reserved 1380352K
  class space    used 42573K, capacity 45050K, committed 45164K, reserved 1048576K
}
Event: 25178.386 GC heap after
{Heap after GC invocations=906 (full 2):
 garbage-first heap   total 315392K, used 191689K [0x0000000080000000, 0x0000000100000000)
  region size 1024K, 2 young (2048K), 2 survivors (2048K)
 Metaspace       used 368281K, capacity 376028K, committed 376296K, reserved 1380352K
  class space    used 42573K, capacity 45050K, committed 45164K, reserved 1048576K
}
Event: 25178.449 GC heap before
{Heap before GC invocations=906 (full 2):
 garbage-first heap   total 315392K, used 256201K [0x0000000080000000, 0x0000000100000000)
  region size 1024K, 54 young (55296K), 2 survivors (2048K)
 Metaspace       used 368302K, capacity 376032K, committed 376296K, reserved 1380352K
  class space    used 42575K, capacity 45051K, committed 45164K, reserved 1048576K
}
Event: 25178.454 GC heap after
{Heap after GC invocations=907 (full 2):
 garbage-first heap   total 378880K, used 203237K [0x0000000080000000, 0x0000000100000000)
  region size 1024K, 7 young (7168K), 7 survivors (7168K)
 Metaspace       used 368302K, capacity 376032K, committed 376296K, reserved 1380352K
  class space    used 42575K, capacity 45051K, committed 45164K, reserved 1048576K
}
Event: 25178.670 GC heap before
{Heap before GC invocations=908 (full 2):
 garbage-first heap   total 378880K, used 280037K [0x0000000080000000, 0x0000000100000000)
  region size 1024K, 83 young (84992K), 7 survivors (7168K)
 Metaspace       used 368840K, capacity 376613K, committed 376808K, reserved 1380352K
  class space    used 42646K, capacity 45160K, committed 45164K, reserved 1048576K
}
Event: 25178.679 GC heap after
{Heap after GC invocations=909 (full 2):
 garbage-first heap   total 378880K, used 223657K [0x0000000080000000, 0x0000000100000000)
  region size 1024K, 11 young (11264K), 11 survivors (11264K)
 Metaspace       used 368840K, capacity 376613K, committed 376808K, reserved 1380352K
  class space    used 42646K, capacity 45160K, committed 45164K, reserved 1048576K
}
Event: 25178.693 GC heap before
{Heap before GC invocations=909 (full 2):
 garbage-first heap   total 378880K, used 229801K [0x0000000080000000, 0x0000000100000000)
  region size 1024K, 18 young (18432K), 11 survivors (11264K)
 Metaspace       used 368855K, capacity 376619K, committed 376808K, reserved 1380352K
  class space    used 42648K, capacity 45162K, committed 45164K, reserved 1048576K
}
Event: 25178.698 GC heap after
{Heap after GC invocations=910 (full 2):
 garbage-first heap   total 378880K, used 222600K [0x0000000080000000, 0x0000000100000000)
  region size 1024K, 3 young (3072K), 3 survivors (3072K)
 Metaspace       used 368855K, capacity 376619K, committed 376808K, reserved 1380352K
  class space    used 42648K, capacity 45162K, committed 45164K, reserved 1048576K
}
Event: 25178.810 GC heap before
{Heap before GC invocations=910 (full 2):
 garbage-first heap   total 378880K, used 289160K [0x0000000080000000, 0x0000000100000000)
  region size 1024K, 69 young (70656K), 3 survivors (3072K)
 Metaspace       used 368942K, capacity 376748K, committed 376936K, reserved 1380352K
  class space    used 42663K, capacity 45184K, committed 45292K, reserved 1048576K
}
Event: 25178.825 GC heap after
{Heap after GC invocations=911 (full 2):
 garbage-first heap   total 378880K, used 236660K [0x0000000080000000, 0x0000000100000000)
  region size 1024K, 9 young (9216K), 9 survivors (9216K)
 Metaspace       used 368942K, capacity 376748K, committed 376936K, reserved 1380352K
  class space    used 42663K, capacity 45184K, committed 45292K, reserved 1048576K
}
Event: 25178.951 GC heap before
{Heap before GC invocations=911 (full 2):
 garbage-first heap   total 378880K, used 298100K [0x0000000080000000, 0x0000000100000000)
  region size 1024K, 70 young (71680K), 9 survivors (9216K)
 Metaspace       used 369010K, capacity 376841K, committed 377192K, reserved 1382400K
  class space    used 42670K, capacity 45192K, committed 45292K, reserved 1048576K
}

