# JRE version: OpenJDK Runtime Environment (11.0.10) (build 11.0.10+0-b96-7249189)
# Java VM: OpenJDK 64-Bit Server VM (11.0.10+0-b96-7249189, mixed mode, tiered, compressed oops, g1 gc, windows-amd64)
Heap:
 garbage-first heap   total 262144K, used 49426K [0x0000000080000000, 0x0000000100000000)
  region size 1024K, 20 young (20480K), 18 survivors (18432K)
 Metaspace       used 55109K, capacity 56500K, committed 56572K, reserved 1101824K
  class space    used 6955K, capacity 7493K, committed 7552K, reserved 1048576K
GC Heap History (10 events):
Event: 0.756 GC heap before
{Heap before GC invocations=0 (full 0):
 garbage-first heap   total 262144K, used 29696K [0x0000000080000000, 0x0000000100000000)
  region size 1024K, 24 young (24576K), 0 survivors (0K)
 Metaspace       used 10221K, capacity 10469K, committed 10624K, reserved 1058816K
  class space    used 1061K, capacity 1107K, committed 1152K, reserved 1048576K
}
Event: 0.758 GC heap after
{Heap after GC invocations=1 (full 0):
 garbage-first heap   total 262144K, used 9310K [0x0000000080000000, 0x0000000100000000)
  region size 1024K, 3 young (3072K), 3 survivors (3072K)
 Metaspace       used 10221K, capacity 10469K, committed 10624K, reserved 1058816K
  class space    used 1061K, capacity 1107K, committed 1152K, reserved 1048576K
}
Event: 3.796 GC heap before
{Heap before GC invocations=1 (full 0):
 garbage-first heap   total 262144K, used 106590K [0x0000000080000000, 0x0000000100000000)
  region size 1024K, 99 young (101376K), 3 survivors (3072K)
 Metaspace       used 20648K, capacity 21136K, committed 21296K, reserved 1069056K
  class space    used 2505K, capacity 2658K, committed 2688K, reserved 1048576K
}
Event: 3.801 GC heap after
{Heap after GC invocations=2 (full 0):
 garbage-first heap   total 262144K, used 16478K [0x0000000080000000, 0x0000000100000000)
  region size 1024K, 10 young (10240K), 10 survivors (10240K)
 Metaspace       used 20648K, capacity 21136K, committed 21296K, reserved 1069056K
  class space    used 2505K, capacity 2658K, committed 2688K, reserved 1048576K
}
Event: 4.103 GC heap before
{Heap before GC invocations=3 (full 0):
 garbage-first heap   total 262144K, used 61534K [0x0000000080000000, 0x0000000100000000)
  region size 1024K, 54 young (55296K), 10 survivors (10240K)
 Metaspace       used 25289K, capacity 25880K, committed 25904K, reserved 1071104K
  class space    used 3263K, capacity 3456K, committed 3456K, reserved 1048576K
}
Event: 4.107 GC heap after
{Heap after GC invocations=4 (full 0):
 garbage-first heap   total 262144K, used 18363K [0x0000000080000000, 0x0000000100000000)
  region size 1024K, 3 young (3072K), 3 survivors (3072K)
 Metaspace       used 25289K, capacity 25880K, committed 25904K, reserved 1071104K
  class space    used 3263K, capacity 3456K, committed 3456K, reserved 1048576K
}
Event: 4.710 GC heap before
{Heap before GC invocations=4 (full 0):
 garbage-first heap   total 262144K, used 83899K [0x0000000080000000, 0x0000000100000000)
  region size 1024K, 68 young (69632K), 3 survivors (3072K)
 Metaspace       used 34868K, capacity 35582K, committed 35708K, reserved 1081344K
  class space    used 4525K, capacity 4800K, committed 4864K, reserved 1048576K
}
Event: 4.715 GC heap after
{Heap after GC invocations=5 (full 0):
 garbage-first heap   total 262144K, used 21773K [0x0000000080000000, 0x0000000100000000)
  region size 1024K, 6 young (6144K), 6 survivors (6144K)
 Metaspace       used 34868K, capacity 35582K, committed 35708K, reserved 1081344K
  class space    used 4525K, capacity 4800K, committed 4864K, reserved 1048576K
}
Event: 5.473 GC heap before
{Heap before GC invocations=6 (full 0):
 garbage-first heap   total 262144K, used 130317K [0x0000000080000000, 0x0000000100000000)
  region size 1024K, 109 young (111616K), 6 survivors (6144K)
 Metaspace       used 43730K, capacity 44762K, committed 45052K, reserved 1089536K
  class space    used 5561K, capacity 5929K, committed 6016K, reserved 1048576K
}
Event: 5.478 GC heap after
{Heap after GC invocations=7 (full 0):
 garbage-first heap   total 262144K, used 28248K [0x0000000080000000, 0x0000000100000000)
  region size 1024K, 12 young (12288K), 12 survivors (12288K)
 Metaspace       used 43730K, capacity 44762K, committed 45052K, reserved 1089536K
  class space    used 5561K, capacity 5929K, committed 6016K, reserved 1048576K
}

